2024-04-12T04:43:08+00:00 DEBUG POST: https://ads.tiktok.com/marketing_api/api/developer/app/create_auto_approve/

{"business_platform":"PROD","smb_id":"tt4b_woocommerce_6618bbdc35612httpgnauq-studiotestwp-admin","smb_name":"PROD","redirect_url":"http:\/\/gnauq-studio.test\/wp-admin\/"}
 ajax: no
2024-04-12T04:43:08+00:00 DEBUG Tt4b_Mapi_Class::create_open_source_app: Response: 

HTTP/1.1 200 OK
Content-Type: application/json
X-Tt-Logid: 202404120443066DD15AA28EE1612A13D5,202404120443066DD15AA28EE1612A13D5
Strict-Transport-Security: max-age=31536000; includeSubDomains
x-tt-trace-host: 015f977eaad3d7dacb4a91ea1e48d924097cb152bd0fe600c7185d0a5470b22d1acb2abae39ba5ba81dbd7d6816bf7b4b03c971722d58c985556bb7683374fc5cb5bf1e0ae4728b7062d38acbfe0b6dc410da8a8c0c1d04402c58f3f7ad5572a50
x-tt-trace-id: 00-2404120443066DD15AA28EE1612A13D5-5BA0C7BF1628A3C7-00
Server: TLB
Content-Encoding: gzip
Content-Length: 207
X-Origin-Response-Time: 66,23.75.21.9
X-Akamai-Request-ID: 5478afa3.12c95464
Date: Fri, 12 Apr 2024 04:43:07 GMT
X-Cache: TCP_MISS from a118-69-16-169.deploy.akamaitechnologies.com (AkamaiGHost/11.4.5-55391218) (-)
Connection: close
Vary: Accept-Encoding
X-Cache-Remote: TCP_MISS from a23-75-21-9.deploy.akamaitechnologies.com (AkamaiGHost/11.4.4.1-55329865) (-)
x-tt-trace-tag: id=16;cdn-cache=miss;type=dyn
Server-Timing: cdn-cache; desc=MISS, edge; dur=53, origin; dur=65
Server-Timing: inner; dur=60
X-Parent-Response-Time: 113,118.69.16.169

{"code":0,"msg":"ok","data":{"app_secret":"9d88d1af35766352713c260b27ae52d0f78973ed","app_id":"7356836544138706962","redirect_uri":"http:\/\/gnauq-studio.test\/wp-admin\/","external_data_key":"97a6b84d-f5a9-4adc-9156-3d1b1c39720a"}}

2024-04-12T04:47:06+00:00 DEBUG Tt4b_Pixel_Class::inject_view_content_event: hit ViewContent
2024-04-12T04:47:06+00:00 DEBUG Tt4b_Pixel_Class::inject_view_content_event: Missing option "access_token"
2024-04-12T08:37:01+00:00 DEBUG Tt4b_Pixel_Class::inject_view_content_event: hit ViewContent
2024-04-12T08:37:01+00:00 DEBUG Tt4b_Pixel_Class::inject_view_content_event: Missing option "access_token"
2024-04-12T08:44:17+00:00 DEBUG Tt4b_Pixel_Class::inject_view_content_event: hit ViewContent
2024-04-12T08:44:17+00:00 DEBUG Tt4b_Pixel_Class::inject_view_content_event: Missing option "access_token"
2024-04-12T09:29:17+00:00 DEBUG Tt4b_Pixel_Class::inject_view_content_event: hit ViewContent
2024-04-12T09:29:17+00:00 DEBUG Tt4b_Pixel_Class::inject_view_content_event: Missing option "access_token"
2024-04-12T09:32:28+00:00 DEBUG Tt4b_Pixel_Class::inject_view_content_event: hit ViewContent
2024-04-12T09:32:28+00:00 DEBUG Tt4b_Pixel_Class::inject_view_content_event: Missing option "access_token"
2024-04-12T09:33:27+00:00 DEBUG Tt4b_Pixel_Class::inject_view_content_event: hit ViewContent
2024-04-12T09:33:27+00:00 DEBUG Tt4b_Pixel_Class::inject_view_content_event: Missing option "access_token"
2024-04-12T09:33:53+00:00 DEBUG Tt4b_Pixel_Class::inject_view_content_event: hit ViewContent
2024-04-12T09:33:53+00:00 DEBUG Tt4b_Pixel_Class::inject_view_content_event: Missing option "access_token"
2024-04-12T09:38:52+00:00 DEBUG Tt4b_Pixel_Class::inject_view_content_event: hit ViewContent
2024-04-12T09:38:52+00:00 DEBUG Tt4b_Pixel_Class::inject_view_content_event: Missing option "access_token"
2024-04-12T09:38:55+00:00 DEBUG Tt4b_Pixel_Class::inject_view_content_event: hit ViewContent
2024-04-12T09:38:55+00:00 DEBUG Tt4b_Pixel_Class::inject_view_content_event: Missing option "access_token"
2024-04-12T09:43:53+00:00 DEBUG Tt4b_Pixel_Class::inject_view_content_event: hit ViewContent
2024-04-12T09:43:53+00:00 DEBUG Tt4b_Pixel_Class::inject_view_content_event: Missing option "access_token"
2024-04-12T09:45:23+00:00 DEBUG Tt4b_Pixel_Class::inject_add_to_cart_event: hit AddToCart
2024-04-12T09:45:23+00:00 DEBUG Tt4b_Pixel_Class::inject_add_to_cart_event: Missing option "access_token"
2024-04-12T09:45:23+00:00 DEBUG Tt4b_Pixel_Class::inject_add_to_cart_event: hit AddToCart
2024-04-12T09:45:23+00:00 DEBUG Tt4b_Pixel_Class::inject_add_to_cart_event: Missing option "access_token"
2024-04-12T13:42:27+00:00 DEBUG Tt4b_Pixel_Class::inject_add_to_cart_event: hit AddToCart
2024-04-12T13:42:27+00:00 DEBUG Tt4b_Pixel_Class::inject_add_to_cart_event: Missing option "access_token"
2024-04-12T15:04:01+00:00 DEBUG Tt4b_Pixel_Class::inject_view_content_event: hit ViewContent
2024-04-12T15:04:01+00:00 DEBUG Tt4b_Pixel_Class::inject_view_content_event: Missing option "access_token"
2024-04-12T15:39:36+00:00 DEBUG Tt4b_Pixel_Class::inject_view_content_event: hit ViewContent
2024-04-12T15:39:36+00:00 DEBUG Tt4b_Pixel_Class::inject_view_content_event: Missing option "access_token"
