2024-04-12T02:54:44.187040Z 0 [Warning] [MY-010097] [Server] Insecure configuration for --secure-file-priv: Current value does not restrict location of generated files. Consider setting it to a valid, non-empty path.
2024-04-12T02:54:44.187117Z 0 [Warning] [MY-010918] [Server] 'default_authentication_plugin' is deprecated and will be removed in a future release. Please use authentication_policy instead.
2024-04-12T02:54:44.187171Z 0 [System] [MY-010116] [Server] C:\laragon\bin\mysql\mysql-8.0.30-winx64\bin\mysqld (mysqld 8.0.30) starting as process 5584
2024-04-12T02:54:44.226975Z 1 [System] [MY-013576] [InnoDB] InnoDB initialization has started.
2024-04-12T02:54:45.387470Z 1 [System] [MY-013577] [InnoDB] InnoDB initialization has ended.
2024-04-12T02:54:45.889508Z 0 [Warning] [MY-013829] [Server] Missing data directory for ICU regular expressions: C:\laragon\bin\mysql\mysql-8.0.30-winx64\lib\private\.
2024-04-12T02:54:45.896561Z 0 [Warning] [MY-010068] [Server] CA certificate ca.pem is self signed.
2024-04-12T02:54:45.897373Z 0 [System] [MY-013602] [Server] Channel mysql_main configured to support TLS. Encrypted connections are now supported for this channel.
2024-04-12T02:54:45.950106Z 0 [System] [MY-011323] [Server] X Plugin ready for connections. Bind-address: '::' port: 33060
2024-04-12T02:54:45.950347Z 0 [System] [MY-010931] [Server] C:\laragon\bin\mysql\mysql-8.0.30-winx64\bin\mysqld: ready for connections. Version: '8.0.30'  socket: ''  port: 3306  MySQL Community Server - GPL.
2024-04-12T02:56:20.304208Z 10 [System] [MY-013172] [Server] Received SHUTDOWN from user root. Shutting down mysqld (Version: 8.0.30).
2024-04-12T02:56:20.305367Z 0 [System] [MY-013105] [Server] C:\laragon\bin\mysql\mysql-8.0.30-winx64\bin\mysqld: Normal shutdown.
2024-04-12T02:56:21.045628Z 0 [System] [MY-010910] [Server] C:\laragon\bin\mysql\mysql-8.0.30-winx64\bin\mysqld: Shutdown complete (mysqld 8.0.30)  MySQL Community Server - GPL.
2024-04-12T03:03:59.663930Z 0 [Warning] [MY-010097] [Server] Insecure configuration for --secure-file-priv: Current value does not restrict location of generated files. Consider setting it to a valid, non-empty path.
2024-04-12T03:03:59.664065Z 0 [Warning] [MY-010918] [Server] 'default_authentication_plugin' is deprecated and will be removed in a future release. Please use authentication_policy instead.
2024-04-12T03:03:59.664155Z 0 [System] [MY-010116] [Server] C:\laragon\bin\mysql\mysql-8.0.30-winx64\bin\mysqld (mysqld 8.0.30) starting as process 7732
2024-04-12T03:03:59.759061Z 1 [System] [MY-013576] [InnoDB] InnoDB initialization has started.
2024-04-12T03:04:00.585534Z 1 [System] [MY-013577] [InnoDB] InnoDB initialization has ended.
2024-04-12T03:04:01.234312Z 0 [Warning] [MY-013829] [Server] Missing data directory for ICU regular expressions: C:\laragon\bin\mysql\mysql-8.0.30-winx64\lib\private\.
2024-04-12T03:04:01.271227Z 0 [Warning] [MY-010068] [Server] CA certificate ca.pem is self signed.
2024-04-12T03:04:01.272326Z 0 [System] [MY-013602] [Server] Channel mysql_main configured to support TLS. Encrypted connections are now supported for this channel.
2024-04-12T03:04:01.356099Z 0 [System] [MY-011323] [Server] X Plugin ready for connections. Bind-address: '::' port: 33060
2024-04-12T03:04:01.356383Z 0 [System] [MY-010931] [Server] C:\laragon\bin\mysql\mysql-8.0.30-winx64\bin\mysqld: ready for connections. Version: '8.0.30'  socket: ''  port: 3306  MySQL Community Server - GPL.
2024-04-12T03:31:17.181062Z 10 [System] [MY-013172] [Server] Received SHUTDOWN from user root. Shutting down mysqld (Version: 8.0.30).
2024-04-12T03:31:17.182205Z 0 [System] [MY-013105] [Server] C:\laragon\bin\mysql\mysql-8.0.30-winx64\bin\mysqld: Normal shutdown.
2024-04-12T03:31:17.791308Z 0 [System] [MY-010910] [Server] C:\laragon\bin\mysql\mysql-8.0.30-winx64\bin\mysqld: Shutdown complete (mysqld 8.0.30)  MySQL Community Server - GPL.
2024-04-12T03:31:46.612652Z 0 [Warning] [MY-010097] [Server] Insecure configuration for --secure-file-priv: Current value does not restrict location of generated files. Consider setting it to a valid, non-empty path.
2024-04-12T03:31:46.612732Z 0 [Warning] [MY-010918] [Server] 'default_authentication_plugin' is deprecated and will be removed in a future release. Please use authentication_policy instead.
2024-04-12T03:31:46.612776Z 0 [System] [MY-010116] [Server] C:\laragon\bin\mysql\mysql-8.0.30-winx64\bin\mysqld (mysqld 8.0.30) starting as process 7924
2024-04-12T03:31:46.657119Z 1 [System] [MY-013576] [InnoDB] InnoDB initialization has started.
2024-04-12T03:31:47.378618Z 1 [System] [MY-013577] [InnoDB] InnoDB initialization has ended.
2024-04-12T03:31:47.920526Z 0 [Warning] [MY-013829] [Server] Missing data directory for ICU regular expressions: C:\laragon\bin\mysql\mysql-8.0.30-winx64\lib\private\.
2024-04-12T03:31:47.928030Z 0 [Warning] [MY-010068] [Server] CA certificate ca.pem is self signed.
2024-04-12T03:31:47.928793Z 0 [System] [MY-013602] [Server] Channel mysql_main configured to support TLS. Encrypted connections are now supported for this channel.
2024-04-12T03:31:47.992297Z 0 [System] [MY-011323] [Server] X Plugin ready for connections. Bind-address: '::' port: 33060
2024-04-12T03:31:47.992492Z 0 [System] [MY-010931] [Server] C:\laragon\bin\mysql\mysql-8.0.30-winx64\bin\mysqld: ready for connections. Version: '8.0.30'  socket: ''  port: 3306  MySQL Community Server - GPL.
2024-04-12T03:33:01.123740Z 9 [System] [MY-013172] [Server] Received SHUTDOWN from user root. Shutting down mysqld (Version: 8.0.30).
2024-04-12T03:33:01.124922Z 0 [System] [MY-013105] [Server] C:\laragon\bin\mysql\mysql-8.0.30-winx64\bin\mysqld: Normal shutdown.
2024-04-12T03:33:01.572955Z 0 [System] [MY-010910] [Server] C:\laragon\bin\mysql\mysql-8.0.30-winx64\bin\mysqld: Shutdown complete (mysqld 8.0.30)  MySQL Community Server - GPL.
2024-04-12T03:33:05.447721Z 0 [Warning] [MY-010097] [Server] Insecure configuration for --secure-file-priv: Current value does not restrict location of generated files. Consider setting it to a valid, non-empty path.
2024-04-12T03:33:05.447801Z 0 [Warning] [MY-010918] [Server] 'default_authentication_plugin' is deprecated and will be removed in a future release. Please use authentication_policy instead.
2024-04-12T03:33:05.447849Z 0 [System] [MY-010116] [Server] C:\laragon\bin\mysql\mysql-8.0.30-winx64\bin\mysqld (mysqld 8.0.30) starting as process 5568
2024-04-12T03:33:05.496093Z 1 [System] [MY-013576] [InnoDB] InnoDB initialization has started.
2024-04-12T03:33:06.094987Z 1 [System] [MY-013577] [InnoDB] InnoDB initialization has ended.
2024-04-12T03:33:06.865437Z 0 [Warning] [MY-013829] [Server] Missing data directory for ICU regular expressions: C:\laragon\bin\mysql\mysql-8.0.30-winx64\lib\private\.
2024-04-12T03:33:06.873514Z 0 [Warning] [MY-010068] [Server] CA certificate ca.pem is self signed.
2024-04-12T03:33:06.874598Z 0 [System] [MY-013602] [Server] Channel mysql_main configured to support TLS. Encrypted connections are now supported for this channel.
2024-04-12T03:33:07.019888Z 0 [System] [MY-011323] [Server] X Plugin ready for connections. Bind-address: '::' port: 33060
2024-04-12T03:33:07.020064Z 0 [System] [MY-010931] [Server] C:\laragon\bin\mysql\mysql-8.0.30-winx64\bin\mysqld: ready for connections. Version: '8.0.30'  socket: ''  port: 3306  MySQL Community Server - GPL.
2024-04-12T03:55:30.183487Z 24 [System] [MY-013172] [Server] Received SHUTDOWN from user root. Shutting down mysqld (Version: 8.0.30).
2024-04-12T03:55:30.184696Z 0 [System] [MY-013105] [Server] C:\laragon\bin\mysql\mysql-8.0.30-winx64\bin\mysqld: Normal shutdown.
2024-04-12T03:55:31.226083Z 0 [System] [MY-010910] [Server] C:\laragon\bin\mysql\mysql-8.0.30-winx64\bin\mysqld: Shutdown complete (mysqld 8.0.30)  MySQL Community Server - GPL.
2024-04-12T03:55:38.082882Z 0 [Warning] [MY-010097] [Server] Insecure configuration for --secure-file-priv: Current value does not restrict location of generated files. Consider setting it to a valid, non-empty path.
2024-04-12T03:55:38.082963Z 0 [Warning] [MY-010918] [Server] 'default_authentication_plugin' is deprecated and will be removed in a future release. Please use authentication_policy instead.
2024-04-12T03:55:38.083008Z 0 [System] [MY-010116] [Server] C:\laragon\bin\mysql\mysql-8.0.30-winx64\bin\mysqld (mysqld 8.0.30) starting as process 5068
2024-04-12T03:55:38.131872Z 1 [System] [MY-013576] [InnoDB] InnoDB initialization has started.
2024-04-12T03:55:38.748904Z 1 [System] [MY-013577] [InnoDB] InnoDB initialization has ended.
2024-04-12T03:55:39.247006Z 0 [Warning] [MY-013829] [Server] Missing data directory for ICU regular expressions: C:\laragon\bin\mysql\mysql-8.0.30-winx64\lib\private\.
2024-04-12T03:55:39.259341Z 0 [Warning] [MY-010068] [Server] CA certificate ca.pem is self signed.
2024-04-12T03:55:39.261556Z 0 [System] [MY-013602] [Server] Channel mysql_main configured to support TLS. Encrypted connections are now supported for this channel.
2024-04-12T03:55:39.315278Z 0 [System] [MY-011323] [Server] X Plugin ready for connections. Bind-address: '::' port: 33060
2024-04-12T03:55:39.315482Z 0 [System] [MY-010931] [Server] C:\laragon\bin\mysql\mysql-8.0.30-winx64\bin\mysqld: ready for connections. Version: '8.0.30'  socket: ''  port: 3306  MySQL Community Server - GPL.
2024-04-12T07:14:07.843496Z 0 [Warning] [MY-010097] [Server] Insecure configuration for --secure-file-priv: Current value does not restrict location of generated files. Consider setting it to a valid, non-empty path.
2024-04-12T07:14:07.845367Z 0 [Warning] [MY-010918] [Server] 'default_authentication_plugin' is deprecated and will be removed in a future release. Please use authentication_policy instead.
2024-04-12T07:14:07.845451Z 0 [System] [MY-010116] [Server] C:\laragon\bin\mysql\mysql-8.0.30-winx64\bin\mysqld (mysqld 8.0.30) starting as process 2320
2024-04-12T07:14:07.972758Z 1 [System] [MY-013576] [InnoDB] InnoDB initialization has started.
2024-04-12T07:14:09.502577Z 1 [System] [MY-013577] [InnoDB] InnoDB initialization has ended.
2024-04-12T07:14:10.458250Z 0 [System] [MY-010229] [Server] Starting XA crash recovery...
2024-04-12T07:14:10.468385Z 0 [System] [MY-010232] [Server] XA crash recovery finished.
2024-04-12T07:14:10.561773Z 0 [Warning] [MY-013829] [Server] Missing data directory for ICU regular expressions: C:\laragon\bin\mysql\mysql-8.0.30-winx64\lib\private\.
2024-04-12T07:14:10.654626Z 0 [Warning] [MY-010068] [Server] CA certificate ca.pem is self signed.
2024-04-12T07:14:10.655584Z 0 [System] [MY-013602] [Server] Channel mysql_main configured to support TLS. Encrypted connections are now supported for this channel.
2024-04-12T07:14:10.760510Z 0 [System] [MY-011323] [Server] X Plugin ready for connections. Bind-address: '::' port: 33060
2024-04-12T07:14:10.760827Z 0 [System] [MY-010931] [Server] C:\laragon\bin\mysql\mysql-8.0.30-winx64\bin\mysqld: ready for connections. Version: '8.0.30'  socket: ''  port: 3306  MySQL Community Server - GPL.
2024-04-12T08:16:52.588284Z 0 [Warning] [MY-010097] [Server] Insecure configuration for --secure-file-priv: Current value does not restrict location of generated files. Consider setting it to a valid, non-empty path.
2024-04-12T08:16:52.589456Z 0 [Warning] [MY-010918] [Server] 'default_authentication_plugin' is deprecated and will be removed in a future release. Please use authentication_policy instead.
2024-04-12T08:16:52.589511Z 0 [System] [MY-010116] [Server] C:\laragon\bin\mysql\mysql-8.0.30-winx64\bin\mysqld (mysqld 8.0.30) starting as process 11308
2024-04-12T08:16:52.733063Z 1 [System] [MY-013576] [InnoDB] InnoDB initialization has started.
2024-04-12T08:16:54.926509Z 1 [System] [MY-013577] [InnoDB] InnoDB initialization has ended.
2024-04-12T08:16:56.436849Z 0 [System] [MY-010229] [Server] Starting XA crash recovery...
2024-04-12T08:16:56.444450Z 0 [System] [MY-010232] [Server] XA crash recovery finished.
2024-04-12T08:16:56.512848Z 0 [Warning] [MY-013829] [Server] Missing data directory for ICU regular expressions: C:\laragon\bin\mysql\mysql-8.0.30-winx64\lib\private\.
2024-04-12T08:16:56.607891Z 0 [Warning] [MY-010068] [Server] CA certificate ca.pem is self signed.
2024-04-12T08:16:56.609429Z 0 [System] [MY-013602] [Server] Channel mysql_main configured to support TLS. Encrypted connections are now supported for this channel.
2024-04-12T08:16:56.723131Z 0 [System] [MY-011323] [Server] X Plugin ready for connections. Bind-address: '::' port: 33060
2024-04-12T08:16:56.723328Z 0 [System] [MY-010931] [Server] C:\laragon\bin\mysql\mysql-8.0.30-winx64\bin\mysqld: ready for connections. Version: '8.0.30'  socket: ''  port: 3306  MySQL Community Server - GPL.
2024-04-12T12:54:08.609536Z 0 [Warning] [MY-010097] [Server] Insecure configuration for --secure-file-priv: Current value does not restrict location of generated files. Consider setting it to a valid, non-empty path.
2024-04-12T12:54:08.611642Z 0 [Warning] [MY-010918] [Server] 'default_authentication_plugin' is deprecated and will be removed in a future release. Please use authentication_policy instead.
2024-04-12T12:54:08.611707Z 0 [System] [MY-010116] [Server] C:\laragon\bin\mysql\mysql-8.0.30-winx64\bin\mysqld (mysqld 8.0.30) starting as process 10596
2024-04-12T12:54:08.737807Z 1 [System] [MY-013576] [InnoDB] InnoDB initialization has started.
2024-04-12T12:54:10.213557Z 1 [System] [MY-013577] [InnoDB] InnoDB initialization has ended.
2024-04-12T12:54:11.074556Z 0 [System] [MY-010229] [Server] Starting XA crash recovery...
2024-04-12T12:54:11.082195Z 0 [System] [MY-010232] [Server] XA crash recovery finished.
2024-04-12T12:54:11.143761Z 0 [Warning] [MY-013829] [Server] Missing data directory for ICU regular expressions: C:\laragon\bin\mysql\mysql-8.0.30-winx64\lib\private\.
2024-04-12T12:54:11.215681Z 0 [Warning] [MY-010068] [Server] CA certificate ca.pem is self signed.
2024-04-12T12:54:11.216488Z 0 [System] [MY-013602] [Server] Channel mysql_main configured to support TLS. Encrypted connections are now supported for this channel.
2024-04-12T12:54:11.295073Z 0 [System] [MY-011323] [Server] X Plugin ready for connections. Bind-address: '::' port: 33060
2024-04-12T12:54:11.295404Z 0 [System] [MY-010931] [Server] C:\laragon\bin\mysql\mysql-8.0.30-winx64\bin\mysqld: ready for connections. Version: '8.0.30'  socket: ''  port: 3306  MySQL Community Server - GPL.
2024-04-12T13:38:23.668076Z 0 [Warning] [MY-010097] [Server] Insecure configuration for --secure-file-priv: Current value does not restrict location of generated files. Consider setting it to a valid, non-empty path.
2024-04-12T13:38:23.672940Z 0 [Warning] [MY-010918] [Server] 'default_authentication_plugin' is deprecated and will be removed in a future release. Please use authentication_policy instead.
2024-04-12T13:38:23.673024Z 0 [System] [MY-010116] [Server] C:\laragon\bin\mysql\mysql-8.0.30-winx64\bin\mysqld (mysqld 8.0.30) starting as process 11752
2024-04-12T13:38:23.812065Z 1 [System] [MY-013576] [InnoDB] InnoDB initialization has started.
2024-04-12T13:38:25.700459Z 1 [System] [MY-013577] [InnoDB] InnoDB initialization has ended.
2024-04-12T13:38:26.331342Z 0 [System] [MY-010229] [Server] Starting XA crash recovery...
2024-04-12T13:38:26.338303Z 0 [System] [MY-010232] [Server] XA crash recovery finished.
2024-04-12T13:38:26.393122Z 0 [Warning] [MY-013829] [Server] Missing data directory for ICU regular expressions: C:\laragon\bin\mysql\mysql-8.0.30-winx64\lib\private\.
2024-04-12T13:38:26.442074Z 0 [Warning] [MY-010068] [Server] CA certificate ca.pem is self signed.
2024-04-12T13:38:26.442981Z 0 [System] [MY-013602] [Server] Channel mysql_main configured to support TLS. Encrypted connections are now supported for this channel.
2024-04-12T13:38:26.519290Z 0 [System] [MY-011323] [Server] X Plugin ready for connections. Bind-address: '::' port: 33060
2024-04-12T13:38:26.519449Z 0 [System] [MY-010931] [Server] C:\laragon\bin\mysql\mysql-8.0.30-winx64\bin\mysqld: ready for connections. Version: '8.0.30'  socket: ''  port: 3306  MySQL Community Server - GPL.
2024-04-12T16:18:55.437261Z 523 [System] [MY-013172] [Server] Received SHUTDOWN from user root. Shutting down mysqld (Version: 8.0.30).
2024-04-12T16:18:55.439575Z 0 [System] [MY-013105] [Server] C:\laragon\bin\mysql\mysql-8.0.30-winx64\bin\mysqld: Normal shutdown.
2024-04-12T16:18:57.199433Z 0 [System] [MY-010910] [Server] C:\laragon\bin\mysql\mysql-8.0.30-winx64\bin\mysqld: Shutdown complete (mysqld 8.0.30)  MySQL Community Server - GPL.
2024-04-13T02:13:06.647672Z 0 [Warning] [MY-010097] [Server] Insecure configuration for --secure-file-priv: Current value does not restrict location of generated files. Consider setting it to a valid, non-empty path.
2024-04-13T02:13:06.649529Z 0 [Warning] [MY-010918] [Server] 'default_authentication_plugin' is deprecated and will be removed in a future release. Please use authentication_policy instead.
2024-04-13T02:13:06.649620Z 0 [System] [MY-010116] [Server] C:\laragon\bin\mysql\mysql-8.0.30-winx64\bin\mysqld (mysqld 8.0.30) starting as process 11644
2024-04-13T02:13:06.769264Z 1 [System] [MY-013576] [InnoDB] InnoDB initialization has started.
2024-04-13T02:13:07.720754Z 1 [System] [MY-013577] [InnoDB] InnoDB initialization has ended.
2024-04-13T02:13:08.510832Z 0 [Warning] [MY-013829] [Server] Missing data directory for ICU regular expressions: C:\laragon\bin\mysql\mysql-8.0.30-winx64\lib\private\.
2024-04-13T02:13:08.589717Z 0 [Warning] [MY-010068] [Server] CA certificate ca.pem is self signed.
2024-04-13T02:13:08.590951Z 0 [System] [MY-013602] [Server] Channel mysql_main configured to support TLS. Encrypted connections are now supported for this channel.
2024-04-13T02:13:08.691642Z 0 [System] [MY-011323] [Server] X Plugin ready for connections. Bind-address: '::' port: 33060
2024-04-13T02:13:08.691810Z 0 [System] [MY-010931] [Server] C:\laragon\bin\mysql\mysql-8.0.30-winx64\bin\mysqld: ready for connections. Version: '8.0.30'  socket: ''  port: 3306  MySQL Community Server - GPL.
2024-04-13T03:03:18.665103Z 401 [System] [MY-013172] [Server] Received SHUTDOWN from user root. Shutting down mysqld (Version: 8.0.30).
2024-04-13T03:03:18.666604Z 0 [System] [MY-013105] [Server] C:\laragon\bin\mysql\mysql-8.0.30-winx64\bin\mysqld: Normal shutdown.
2024-04-13T03:03:19.771449Z 0 [System] [MY-010910] [Server] C:\laragon\bin\mysql\mysql-8.0.30-winx64\bin\mysqld: Shutdown complete (mysqld 8.0.30)  MySQL Community Server - GPL.
2024-04-13T09:56:10.492338Z 0 [Warning] [MY-010097] [Server] Insecure configuration for --secure-file-priv: Current value does not restrict location of generated files. Consider setting it to a valid, non-empty path.
2024-04-13T09:56:10.494186Z 0 [Warning] [MY-010918] [Server] 'default_authentication_plugin' is deprecated and will be removed in a future release. Please use authentication_policy instead.
2024-04-13T09:56:10.494250Z 0 [System] [MY-010116] [Server] C:\laragon\bin\mysql\mysql-8.0.30-winx64\bin\mysqld (mysqld 8.0.30) starting as process 3044
2024-04-13T09:56:10.691773Z 1 [System] [MY-013576] [InnoDB] InnoDB initialization has started.
2024-04-13T09:56:13.079090Z 1 [System] [MY-013577] [InnoDB] InnoDB initialization has ended.
2024-04-13T09:56:14.400979Z 0 [Warning] [MY-013829] [Server] Missing data directory for ICU regular expressions: C:\laragon\bin\mysql\mysql-8.0.30-winx64\lib\private\.
2024-04-13T09:56:14.481092Z 0 [Warning] [MY-010068] [Server] CA certificate ca.pem is self signed.
2024-04-13T09:56:14.481927Z 0 [System] [MY-013602] [Server] Channel mysql_main configured to support TLS. Encrypted connections are now supported for this channel.
2024-04-13T09:56:14.571188Z 0 [System] [MY-011323] [Server] X Plugin ready for connections. Bind-address: '::' port: 33060
2024-04-13T09:56:14.571447Z 0 [System] [MY-010931] [Server] C:\laragon\bin\mysql\mysql-8.0.30-winx64\bin\mysqld: ready for connections. Version: '8.0.30'  socket: ''  port: 3306  MySQL Community Server - GPL.
2024-04-13T10:15:24.173479Z 21 [System] [MY-013172] [Server] Received SHUTDOWN from user root. Shutting down mysqld (Version: 8.0.30).
2024-04-13T10:15:24.175166Z 0 [System] [MY-013105] [Server] C:\laragon\bin\mysql\mysql-8.0.30-winx64\bin\mysqld: Normal shutdown.
2024-04-13T10:15:25.160815Z 0 [System] [MY-010910] [Server] C:\laragon\bin\mysql\mysql-8.0.30-winx64\bin\mysqld: Shutdown complete (mysqld 8.0.30)  MySQL Community Server - GPL.
2024-04-15T02:36:49.854733Z 0 [Warning] [MY-010097] [Server] Insecure configuration for --secure-file-priv: Current value does not restrict location of generated files. Consider setting it to a valid, non-empty path.
2024-04-15T02:36:49.856101Z 0 [Warning] [MY-010918] [Server] 'default_authentication_plugin' is deprecated and will be removed in a future release. Please use authentication_policy instead.
2024-04-15T02:36:49.856163Z 0 [System] [MY-010116] [Server] C:\laragon\bin\mysql\mysql-8.0.30-winx64\bin\mysqld (mysqld 8.0.30) starting as process 7880
2024-04-15T02:36:49.984362Z 1 [System] [MY-013576] [InnoDB] InnoDB initialization has started.
2024-04-15T02:36:51.592549Z 1 [System] [MY-013577] [InnoDB] InnoDB initialization has ended.
2024-04-15T02:36:52.572066Z 0 [Warning] [MY-013829] [Server] Missing data directory for ICU regular expressions: C:\laragon\bin\mysql\mysql-8.0.30-winx64\lib\private\.
2024-04-15T02:36:52.654569Z 0 [Warning] [MY-010068] [Server] CA certificate ca.pem is self signed.
2024-04-15T02:36:52.655730Z 0 [System] [MY-013602] [Server] Channel mysql_main configured to support TLS. Encrypted connections are now supported for this channel.
2024-04-15T02:36:52.762958Z 0 [System] [MY-011323] [Server] X Plugin ready for connections. Bind-address: '::' port: 33060
2024-04-15T02:36:52.763309Z 0 [System] [MY-010931] [Server] C:\laragon\bin\mysql\mysql-8.0.30-winx64\bin\mysqld: ready for connections. Version: '8.0.30'  socket: ''  port: 3306  MySQL Community Server - GPL.
